********************************************************************************
DUPLICATOR-LITE PACKAGE-LOG: 30. October 2018 10:27
NOTICE: Do NOT post to public sites or forums 
********************************************************************************
VERSION:	1.2.52
WORDPRESS:	4.9.8
PHP INFO:	7.1.10 | SAPI: apache2handler
SERVER:		Apache/2.4.28 (Win32) OpenSSL/1.0.2l PHP/7.1.10 
PHP TIME LIMIT: (0) no time limit imposed 
PHP MAX MEMORY: 2048M (128M default) 
MEMORY STACK: 8MB 

********************************************************************************
DATABASE:
********************************************************************************
BUILD MODE:   MYSQLDUMP
MYSQLTIMEOUT: 5000
MYSQLDUMP:    Is Supported 
FILTERED: [] 
RESPONSE: Ran from C:/xampp/mysql/bin/mysqldump.exe 
TABLES: total:45 | filtered:0 | create:45 
SQL CREATED: 20181030_jystrupdk_bea9a9b0f9338e104659_20181030102650_database.sql 
SQL FILE SIZE: 1.89MB (1979313) 
SQL FILE TIME: 2018-10-30 10:27:02 
SQL RUNTIME: 0.75 sec. 

******************************************************************************** 
ARCHIVE (ZIP): 
******************************************************************************** 
ARCHIVE DIR:  C:/xampp/htdocs/JystrupSite 
ARCHIVE FILE: 20181030_jystrupdk_bea9a9b0f9338e104659_20181030102650_archive.zip 
FILTERS: *OFF* 
DIRS:
	not set 
FILES:
	not set 
EXTS:  not set 
---------------------------------------- 
COMPRESSING 
SIZE:	0B 
STATS:	Dirs 0 | Files 0 
SQL ADDED: 20181030_jystrupdk_bea9a9b0f9338e104659_20181030102650_database.sql 
ZipArchive Object
(
    [status] => 0
    [statusSys] => 0
    [numFiles] => 1
    [filename] => C:\xampp\htdocs\JystrupSite\wp-snapshots\tmp\20181030_jystrupdk_bea9a9b0f9338e104659_20181030102650_archive.zip
    [comment] => 
)
 
COMPRESSION RESULT: '1' 
COMPRESSED SIZE: 306.85KB 
ARCHIVE RUNTIME: 0.22 sec. 
MEMORY STACK: 8MB 

******************************************************************************** 
MAKE INSTALLER: 
******************************************************************************** 
Build Start 
Build Finished 
Preparing for use 
PACK SIZE:  
Template parsed with new data 
Complete [C:/xampp/htdocs/JystrupSite/wp-snapshots/tmp/20181030_jystrupdk_bea9a9b0f9338e104659_20181030102650_installer.php] 
Added to archive 

******************************************************************************** 
INTEGRITY CHECKS: 
******************************************************************************** 
SQL File: 1.89MB 
Installer File: 514.16KB 
Archive File: 306.85KB  

********************************************************************************
RECORD ID:[1]
TOTAL PROCESS RUNTIME: 9.61 sec.
PEAK PHP MEMORY USED: 10MB
DONE PROCESSING => 20181030_jystrupdk 30. October 2018 10:27
 
